mode: set
github.com/arnodel/jsonstream/encoding/json/decoder.go:19.40,21.2 1 1
github.com/arnodel/jsonstream/encoding/json/decoder.go:26.57,27.6 1 1
github.com/arnodel/jsonstream/encoding/json/decoder.go:27.6,29.37 2 1
github.com/arnodel/jsonstream/encoding/json/decoder.go:29.37,31.4 1 1
github.com/arnodel/jsonstream/encoding/json/decoder.go:32.3,33.17 2 1
github.com/arnodel/jsonstream/encoding/json/decoder.go:33.17,35.4 1 1
github.com/arnodel/jsonstream/encoding/json/decoder.go:41.60,43.16 2 1
github.com/arnodel/jsonstream/encoding/json/decoder.go:43.16,45.3 1 0
github.com/arnodel/jsonstream/encoding/json/decoder.go:46.2,46.22 1 1
github.com/arnodel/jsonstream/encoding/json/decoder.go:46.22,48.3 1 0
github.com/arnodel/jsonstream/encoding/json/decoder.go:49.2,49.11 1 1
github.com/arnodel/jsonstream/encoding/json/decoder.go:50.11,52.17 2 1
github.com/arnodel/jsonstream/encoding/json/decoder.go:52.17,54.4 1 1
github.com/arnodel/jsonstream/encoding/json/decoder.go:55.3,56.13 2 1
github.com/arnodel/jsonstream/encoding/json/decoder.go:57.11,58.27 1 1
github.com/arnodel/jsonstream/encoding/json/decoder.go:59.11,60.28 1 1
github.com/arnodel/jsonstream/encoding/json/decoder.go:61.11,63.17 2 1
github.com/arnodel/jsonstream/encoding/json/decoder.go:63.17,65.4 1 0
github.com/arnodel/jsonstream/encoding/json/decoder.go:66.3,67.13 2 1
github.com/arnodel/jsonstream/encoding/json/decoder.go:68.11,70.17 2 1
github.com/arnodel/jsonstream/encoding/json/decoder.go:70.17,72.4 1 0
github.com/arnodel/jsonstream/encoding/json/decoder.go:73.3,74.13 2 1
github.com/arnodel/jsonstream/encoding/json/decoder.go:75.11,77.17 2 1
github.com/arnodel/jsonstream/encoding/json/decoder.go:77.17,79.4 1 0
github.com/arnodel/jsonstream/encoding/json/decoder.go:80.3,81.13 2 1
github.com/arnodel/jsonstream/encoding/json/decoder.go:82.10,83.39 1 1
github.com/arnodel/jsonstream/encoding/json/decoder.go:83.39,85.18 2 1
github.com/arnodel/jsonstream/encoding/json/decoder.go:85.18,87.5 1 0
github.com/arnodel/jsonstream/encoding/json/decoder.go:88.4,89.14 2 1
github.com/arnodel/jsonstream/encoding/json/decoder.go:91.3,91.47 1 0
github.com/arnodel/jsonstream/encoding/json/decoder.go:95.60,99.16 4 1
github.com/arnodel/jsonstream/encoding/json/decoder.go:99.16,101.3 1 0
github.com/arnodel/jsonstream/encoding/json/decoder.go:102.2,104.16 3 1
github.com/arnodel/jsonstream/encoding/json/decoder.go:104.16,106.3 1 0
github.com/arnodel/jsonstream/encoding/json/decoder.go:107.2,107.14 1 1
github.com/arnodel/jsonstream/encoding/json/decoder.go:107.14,111.3 3 1
github.com/arnodel/jsonstream/encoding/json/decoder.go:112.2,112.6 1 1
github.com/arnodel/jsonstream/encoding/json/decoder.go:112.6,114.17 2 1
github.com/arnodel/jsonstream/encoding/json/decoder.go:114.17,116.4 1 0
github.com/arnodel/jsonstream/encoding/json/decoder.go:117.3,118.17 2 1
github.com/arnodel/jsonstream/encoding/json/decoder.go:118.17,120.4 1 0
github.com/arnodel/jsonstream/encoding/json/decoder.go:121.3,121.12 1 1
github.com/arnodel/jsonstream/encoding/json/decoder.go:122.12,125.14 3 1
github.com/arnodel/jsonstream/encoding/json/decoder.go:126.12,127.18 1 1
github.com/arnodel/jsonstream/encoding/json/decoder.go:128.11,129.62 1 1
github.com/arnodel/jsonstream/encoding/json/decoder.go:134.61,137.16 3 1
github.com/arnodel/jsonstream/encoding/json/decoder.go:137.16,139.3 1 0
github.com/arnodel/jsonstream/encoding/json/decoder.go:140.2,142.16 3 1
github.com/arnodel/jsonstream/encoding/json/decoder.go:142.16,144.3 1 0
github.com/arnodel/jsonstream/encoding/json/decoder.go:145.2,145.14 1 1
github.com/arnodel/jsonstream/encoding/json/decoder.go:145.14,149.3 3 1
github.com/arnodel/jsonstream/encoding/json/decoder.go:150.2,150.6 1 1
github.com/arnodel/jsonstream/encoding/json/decoder.go:150.6,152.17 2 1
github.com/arnodel/jsonstream/encoding/json/decoder.go:152.17,154.4 1 0
github.com/arnodel/jsonstream/encoding/json/decoder.go:155.3,158.17 4 1
github.com/arnodel/jsonstream/encoding/json/decoder.go:158.17,160.4 1 0
github.com/arnodel/jsonstream/encoding/json/decoder.go:161.3,161.15 1 1
github.com/arnodel/jsonstream/encoding/json/decoder.go:161.15,163.4 1 1
github.com/arnodel/jsonstream/encoding/json/decoder.go:164.3,166.17 3 1
github.com/arnodel/jsonstream/encoding/json/decoder.go:166.17,168.4 1 0
github.com/arnodel/jsonstream/encoding/json/decoder.go:169.3,170.17 2 1
github.com/arnodel/jsonstream/encoding/json/decoder.go:170.17,172.4 1 0
github.com/arnodel/jsonstream/encoding/json/decoder.go:173.3,173.12 1 1
github.com/arnodel/jsonstream/encoding/json/decoder.go:174.12,177.14 3 1
github.com/arnodel/jsonstream/encoding/json/decoder.go:178.12,181.18 3 1
github.com/arnodel/jsonstream/encoding/json/decoder.go:181.18,183.5 1 0
github.com/arnodel/jsonstream/encoding/json/decoder.go:184.11,185.61 1 1
github.com/arnodel/jsonstream/encoding/json/decoder.go:190.56,192.16 2 1
github.com/arnodel/jsonstream/encoding/json/decoder.go:192.16,194.3 1 0
github.com/arnodel/jsonstream/encoding/json/decoder.go:195.2,195.13 1 1
github.com/arnodel/jsonstream/encoding/json/decoder.go:195.13,198.3 2 0
github.com/arnodel/jsonstream/encoding/json/decoder.go:199.2,199.12 1 1
github.com/arnodel/jsonstream/encoding/json/decoder.go:202.89,205.16 3 1
github.com/arnodel/jsonstream/encoding/json/decoder.go:205.16,207.3 1 0
github.com/arnodel/jsonstream/encoding/json/decoder.go:208.2,208.22 1 1
github.com/arnodel/jsonstream/encoding/json/decoder.go:208.22,210.3 1 0
github.com/arnodel/jsonstream/encoding/json/decoder.go:210.8,212.3 1 1
github.com/arnodel/jsonstream/encoding/json/decoder.go:215.65,218.16 3 1
github.com/arnodel/jsonstream/encoding/json/decoder.go:218.16,220.3 1 0
github.com/arnodel/jsonstream/encoding/json/decoder.go:221.2,224.6 4 1
github.com/arnodel/jsonstream/encoding/json/decoder.go:224.6,226.17 2 1
github.com/arnodel/jsonstream/encoding/json/decoder.go:226.17,228.4 1 0
github.com/arnodel/jsonstream/encoding/json/decoder.go:229.3,229.12 1 1
github.com/arnodel/jsonstream/encoding/json/decoder.go:230.13,233.18 3 1
github.com/arnodel/jsonstream/encoding/json/decoder.go:233.18,235.5 1 0
github.com/arnodel/jsonstream/encoding/json/decoder.go:236.4,236.13 1 1
github.com/arnodel/jsonstream/encoding/json/decoder.go:237.49,238.13 1 1
github.com/arnodel/jsonstream/encoding/json/decoder.go:239.13,240.28 1 1
github.com/arnodel/jsonstream/encoding/json/decoder.go:240.28,242.20 2 1
github.com/arnodel/jsonstream/encoding/json/decoder.go:242.20,244.7 1 0
github.com/arnodel/jsonstream/encoding/json/decoder.go:245.6,245.81 1 1
github.com/arnodel/jsonstream/encoding/json/decoder.go:245.81,248.7 2 0
github.com/arnodel/jsonstream/encoding/json/decoder.go:251.12,254.15 3 1
github.com/arnodel/jsonstream/encoding/json/decoder.go:254.15,256.5 1 1
github.com/arnodel/jsonstream/encoding/json/decoder.go:257.4,257.19 1 1
github.com/arnodel/jsonstream/encoding/json/decoder.go:257.19,259.5 1 1
github.com/arnodel/jsonstream/encoding/json/decoder.go:260.4,260.22 1 1
github.com/arnodel/jsonstream/encoding/json/decoder.go:261.11,262.25 1 1
github.com/arnodel/jsonstream/encoding/json/decoder.go:262.25,265.5 2 1
github.com/arnodel/jsonstream/encoding/json/decoder.go:266.4,266.15 1 1
github.com/arnodel/jsonstream/encoding/json/decoder.go:266.15,267.18 1 1
github.com/arnodel/jsonstream/encoding/json/decoder.go:267.18,270.6 2 1
github.com/arnodel/jsonstream/encoding/json/decoder.go:270.11,272.6 1 1
github.com/arnodel/jsonstream/encoding/json/decoder.go:279.65,285.14 4 1
github.com/arnodel/jsonstream/encoding/json/decoder.go:285.14,287.3 1 1
github.com/arnodel/jsonstream/encoding/json/decoder.go:288.2,288.16 1 1
github.com/arnodel/jsonstream/encoding/json/decoder.go:288.16,290.3 1 0
github.com/arnodel/jsonstream/encoding/json/decoder.go:293.2,293.14 1 1
github.com/arnodel/jsonstream/encoding/json/decoder.go:293.14,295.17 2 1
github.com/arnodel/jsonstream/encoding/json/decoder.go:295.17,297.4 1 0
github.com/arnodel/jsonstream/encoding/json/decoder.go:298.8,298.33 1 1
github.com/arnodel/jsonstream/encoding/json/decoder.go:298.33,300.17 2 1
github.com/arnodel/jsonstream/encoding/json/decoder.go:300.17,302.4 1 0
github.com/arnodel/jsonstream/encoding/json/decoder.go:303.8,306.3 2 0
github.com/arnodel/jsonstream/encoding/json/decoder.go:309.2,309.14 1 1
github.com/arnodel/jsonstream/encoding/json/decoder.go:309.14,311.17 2 1
github.com/arnodel/jsonstream/encoding/json/decoder.go:311.17,313.4 1 0
github.com/arnodel/jsonstream/encoding/json/decoder.go:314.3,314.13 1 1
github.com/arnodel/jsonstream/encoding/json/decoder.go:314.13,317.4 2 0
github.com/arnodel/jsonstream/encoding/json/decoder.go:321.2,321.26 1 1
github.com/arnodel/jsonstream/encoding/json/decoder.go:321.26,323.17 2 1
github.com/arnodel/jsonstream/encoding/json/decoder.go:323.17,325.4 1 0
github.com/arnodel/jsonstream/encoding/json/decoder.go:326.3,326.27 1 1
github.com/arnodel/jsonstream/encoding/json/decoder.go:326.27,328.4 1 1
github.com/arnodel/jsonstream/encoding/json/decoder.go:329.3,330.17 2 1
github.com/arnodel/jsonstream/encoding/json/decoder.go:330.17,332.4 1 0
github.com/arnodel/jsonstream/encoding/json/decoder.go:333.3,333.13 1 1
github.com/arnodel/jsonstream/encoding/json/decoder.go:333.13,336.4 2 0
github.com/arnodel/jsonstream/encoding/json/decoder.go:338.2,339.61 2 1
github.com/arnodel/jsonstream/encoding/json/decoder.go:342.60,344.6 2 1
github.com/arnodel/jsonstream/encoding/json/decoder.go:344.6,346.17 2 1
github.com/arnodel/jsonstream/encoding/json/decoder.go:346.17,348.4 1 0
github.com/arnodel/jsonstream/encoding/json/decoder.go:349.3,349.26 1 1
github.com/arnodel/jsonstream/encoding/json/decoder.go:349.26,351.4 1 1
github.com/arnodel/jsonstream/encoding/json/decoder.go:352.3,352.6 1 1
github.com/arnodel/jsonstream/encoding/json/decoder.go:356.64,357.30 1 1
github.com/arnodel/jsonstream/encoding/json/decoder.go:357.30,358.47 1 1
github.com/arnodel/jsonstream/encoding/json/decoder.go:358.47,360.4 1 0
github.com/arnodel/jsonstream/encoding/json/decoder.go:362.2,362.12 1 1
github.com/arnodel/jsonstream/encoding/json/decoder.go:379.61,381.2 1 0
github.com/arnodel/jsonstream/encoding/json/encoder.go:29.67,32.25 3 1
github.com/arnodel/jsonstream/encoding/json/encoder.go:32.25,35.3 2 1
github.com/arnodel/jsonstream/encoding/json/encoder.go:36.2,36.12 1 1
github.com/arnodel/jsonstream/encoding/json/encoder.go:39.53,40.27 1 1
github.com/arnodel/jsonstream/encoding/json/encoder.go:41.24,42.51 1 1
github.com/arnodel/jsonstream/encoding/json/encoder.go:43.24,44.35 1 1
github.com/arnodel/jsonstream/encoding/json/encoder.go:44.35,46.4 1 1
github.com/arnodel/jsonstream/encoding/json/encoder.go:46.9,48.4 1 1
github.com/arnodel/jsonstream/encoding/json/encoder.go:49.23,50.31 1 1
github.com/arnodel/jsonstream/encoding/json/encoder.go:50.31,52.4 1 1
github.com/arnodel/jsonstream/encoding/json/encoder.go:52.9,54.4 1 1
github.com/arnodel/jsonstream/encoding/json/encoder.go:55.10,56.56 1 0
github.com/arnodel/jsonstream/encoding/json/encoder.go:60.54,63.20 3 1
github.com/arnodel/jsonstream/encoding/json/encoder.go:63.20,65.17 2 1
github.com/arnodel/jsonstream/encoding/json/encoder.go:65.17,68.4 2 1
github.com/arnodel/jsonstream/encoding/json/encoder.go:68.9,71.4 2 1
github.com/arnodel/jsonstream/encoding/json/encoder.go:72.3,74.23 3 1
github.com/arnodel/jsonstream/encoding/json/encoder.go:76.2,76.18 1 1
github.com/arnodel/jsonstream/encoding/json/encoder.go:76.18,77.17 1 1
github.com/arnodel/jsonstream/encoding/json/encoder.go:77.17,79.4 1 1
github.com/arnodel/jsonstream/encoding/json/encoder.go:80.3,80.30 1 1
github.com/arnodel/jsonstream/encoding/json/encoder.go:82.2,82.16 1 1
github.com/arnodel/jsonstream/encoding/json/encoder.go:82.16,84.3 1 1
github.com/arnodel/jsonstream/encoding/json/encoder.go:85.2,85.33 1 1
github.com/arnodel/jsonstream/encoding/json/encoder.go:88.61,96.31 5 1
github.com/arnodel/jsonstream/encoding/json/encoder.go:96.31,100.15 4 1
github.com/arnodel/jsonstream/encoding/json/encoder.go:100.15,102.4 1 1
github.com/arnodel/jsonstream/encoding/json/encoder.go:103.3,103.108 1 1
github.com/arnodel/jsonstream/encoding/json/encoder.go:106.2,108.13 2 1
github.com/arnodel/jsonstream/encoding/json/encoder.go:108.13,109.37 1 1
github.com/arnodel/jsonstream/encoding/json/encoder.go:109.37,110.13 1 1
github.com/arnodel/jsonstream/encoding/json/encoder.go:110.13,112.5 1 1
github.com/arnodel/jsonstream/encoding/json/encoder.go:113.4,115.29 3 1
github.com/arnodel/jsonstream/encoding/json/encoder.go:117.3,117.19 1 1
github.com/arnodel/jsonstream/encoding/json/encoder.go:117.19,119.4 1 0
github.com/arnodel/jsonstream/encoding/json/encoder.go:120.8,122.37 2 0
github.com/arnodel/jsonstream/encoding/json/encoder.go:122.37,123.13 1 0
github.com/arnodel/jsonstream/encoding/json/encoder.go:123.13,126.5 2 0
github.com/arnodel/jsonstream/encoding/json/encoder.go:127.4,129.29 3 0
github.com/arnodel/jsonstream/encoding/json/encoder.go:131.3,131.21 1 0
github.com/arnodel/jsonstream/encoding/json/encoder.go:131.21,141.4 6 0
github.com/arnodel/jsonstream/encoding/json/encoder.go:142.3,142.19 1 0
github.com/arnodel/jsonstream/encoding/json/encoder.go:142.19,145.4 2 0
github.com/arnodel/jsonstream/encoding/json/encoder.go:146.3,146.14 1 0
github.com/arnodel/jsonstream/encoding/json/encoder.go:149.2,149.33 1 1
github.com/arnodel/jsonstream/encoding/json/encoder.go:152.52,155.20 3 1
github.com/arnodel/jsonstream/encoding/json/encoder.go:155.20,157.17 2 1
github.com/arnodel/jsonstream/encoding/json/encoder.go:157.17,160.4 2 1
github.com/arnodel/jsonstream/encoding/json/encoder.go:160.9,163.4 2 1
github.com/arnodel/jsonstream/encoding/json/encoder.go:164.3,164.23 1 1
github.com/arnodel/jsonstream/encoding/json/encoder.go:166.2,166.18 1 1
github.com/arnodel/jsonstream/encoding/json/encoder.go:166.18,167.17 1 1
github.com/arnodel/jsonstream/encoding/json/encoder.go:167.17,169.4 1 1
github.com/arnodel/jsonstream/encoding/json/encoder.go:170.3,170.30 1 1
github.com/arnodel/jsonstream/encoding/json/encoder.go:172.2,172.16 1 1
github.com/arnodel/jsonstream/encoding/json/encoder.go:172.16,174.3 1 1
github.com/arnodel/jsonstream/encoding/json/encoder.go:175.2,175.32 1 1
github.com/arnodel/jsonstream/encoding/json/encoder.go:194.59,199.20 5 1
github.com/arnodel/jsonstream/encoding/json/encoder.go:199.20,202.15 3 1
github.com/arnodel/jsonstream/encoding/json/encoder.go:202.15,204.4 1 1
github.com/arnodel/jsonstream/encoding/json/encoder.go:206.3,206.53 1 1
github.com/arnodel/jsonstream/encoding/json/encoder.go:206.53,208.12 2 1
github.com/arnodel/jsonstream/encoding/json/encoder.go:210.3,210.17 1 0
github.com/arnodel/jsonstream/encoding/json/encoder.go:210.17,213.4 2 0
github.com/arnodel/jsonstream/encoding/json/encoder.go:213.9,216.4 2 0
github.com/arnodel/jsonstream/encoding/json/encoder.go:217.3,217.28 1 0
github.com/arnodel/jsonstream/encoding/json/encoder.go:217.28,218.38 1 0
github.com/arnodel/jsonstream/encoding/json/encoder.go:218.38,219.14 1 0
github.com/arnodel/jsonstream/encoding/json/encoder.go:219.14,221.6 1 0
github.com/arnodel/jsonstream/encoding/json/encoder.go:222.5,222.24 1 0
github.com/arnodel/jsonstream/encoding/json/encoder.go:224.4,226.16 2 0
github.com/arnodel/jsonstream/encoding/json/encoder.go:226.16,228.32 2 0
github.com/arnodel/jsonstream/encoding/json/encoder.go:229.10,233.5 3 0
github.com/arnodel/jsonstream/encoding/json/encoder.go:235.3,235.23 1 0
github.com/arnodel/jsonstream/encoding/json/encoder.go:237.2,237.27 1 1
github.com/arnodel/jsonstream/encoding/json/encoder.go:237.27,238.17 1 1
github.com/arnodel/jsonstream/encoding/json/encoder.go:238.17,241.4 2 0
github.com/arnodel/jsonstream/encoding/json/encoder.go:242.3,242.37 1 1
github.com/arnodel/jsonstream/encoding/json/encoder.go:242.37,243.13 1 1
github.com/arnodel/jsonstream/encoding/json/encoder.go:243.13,245.5 1 1
github.com/arnodel/jsonstream/encoding/json/encoder.go:246.4,246.23 1 1
github.com/arnodel/jsonstream/encoding/json/encoder.go:249.2,249.18 1 1
github.com/arnodel/jsonstream/encoding/json/encoder.go:249.18,250.17 1 0
github.com/arnodel/jsonstream/encoding/json/encoder.go:250.17,252.4 1 0
github.com/arnodel/jsonstream/encoding/json/encoder.go:253.3,253.30 1 0
github.com/arnodel/jsonstream/encoding/json/encoder.go:255.2,255.16 1 1
github.com/arnodel/jsonstream/encoding/json/encoder.go:255.16,257.3 1 0
github.com/arnodel/jsonstream/encoding/json/encoder.go:258.2,258.32 1 1
